TN:
SF:/home/laurie/repos/golgistudio/records-demo/src/recordApp/client/redux/modules/orderAPI.js
FN:33,_interopRequireDefault
FN:38,fees
FN:40,(anonymous_3)
FN:41,_callee
FN:43,_callee$
FN:75,callFees
FN:81,distributions
FN:83,(anonymous_8)
FN:84,_callee2
FN:86,_callee2$
FN:118,callDistributions
FN:124,getServerStatus
FN:128,getResults
FN:132,status
FN:133,(anonymous_15)
FN:134,_callee3
FN:136,_callee3$
FN:167,callStatus
FN:173,orders
FN:175,(anonymous_20)
FN:176,_callee4
FN:178,_callee4$
FN:207,callOrders
FN:213,getOrderData
FNF:24
FNH:11
FNDA:4,_interopRequireDefault
FNDA:0,fees
FNDA:0,(anonymous_3)
FNDA:0,_callee
FNDA:0,_callee$
FNDA:0,callFees
FNDA:0,distributions
FNDA:0,(anonymous_8)
FNDA:0,_callee2
FNDA:0,_callee2$
FNDA:0,callDistributions
FNDA:13,getServerStatus
FNDA:0,getResults
FNDA:0,status
FNDA:0,(anonymous_15)
FNDA:0,_callee3
FNDA:0,_callee3$
FNDA:0,callStatus
FNDA:0,orders
FNDA:0,(anonymous_20)
FNDA:0,_callee4
FNDA:0,_callee4$
FNDA:0,callOrders
FNDA:1,getOrderData
DA:0,4
DA:5,1
DA:6,1
DA:8,1
DA:9,0
DA:10,0
DA:11,0
DA:13,0
DA:14,0
DA:15,0
DA:16,0
DA:17,0
DA:19,0
DA:24,1
DA:25,0
DA:26,0
DA:27,0
DA:29,0
DA:30,0
DA:31,0
DA:32,0
DA:33,0
DA:35,0
DA:40,1
DA:41,13
DA:44,1
DA:45,0
DA:48,1
DA:49,0
DA:50,0
DA:52,0
DA:53,0
DA:54,0
DA:55,0
DA:57,0
DA:62,1
DA:63,0
DA:64,0
DA:65,0
DA:67,0
DA:68,0
DA:70,0
DA:75,1
DA:76,1
LF:44
LH:12
BRDA:33,1,0,3
BRDA:33,1,1,1
BRDA:33,2,0,4
BRDA:33,2,1,4
BRDA:45,3,0,0
BRDA:45,3,1,0
BRDA:45,3,2,0
BRDA:45,3,3,0
BRDA:45,3,4,0
BRDA:88,4,0,0
BRDA:88,4,1,0
BRDA:88,4,2,0
BRDA:88,4,3,0
BRDA:88,4,4,0
BRDA:138,5,0,0
BRDA:138,5,1,0
BRDA:138,5,2,0
BRDA:138,5,3,0
BRDA:138,5,4,0
BRDA:180,6,0,0
BRDA:180,6,1,0
BRDA:180,6,2,0
BRDA:180,6,3,0
BRDA:180,6,4,0
BRF:24
BRH:24
end_of_record
TN:
SF:/home/laurie/repos/golgistudio/records-demo/src/recordApp/client/redux/modules/orderData.js
FNF:0
FNH:0
DA:0,1
DA:2,1
LF:2
LH:2
BRF:0
BRH:0
end_of_record
TN:
SF:/home/laurie/repos/golgistudio/records-demo/src/recordApp/client/views/HomeView/HomeView.js
FN:21,_interopRequireDefault
FN:27,getInitialState
FN:39,setOrders
FN:43,processFeeResults
FN:48,getFees
FN:51,processStatus
FN:55,getStatus
FN:58,processDistributionResults
FN:63,getDistributions
FN:66,orderData
FN:69,render
FNF:11
FNH:3
FNDA:3,_interopRequireDefault
FNDA:12,getInitialState
FNDA:0,setOrders
FNDA:0,processFeeResults
FNDA:0,getFees
FNDA:0,processStatus
FNDA:0,getStatus
FNDA:0,processDistributionResults
FNDA:0,getDistributions
FNDA:0,orderData
FNDA:12,render
DA:0,3
DA:1,1
DA:10,1
DA:12,12
DA:13,12
DA:14,12
DA:16,12
DA:25,0
DA:26,0
DA:30,0
DA:31,0
DA:32,0
DA:36,0
DA:40,0
DA:41,0
DA:45,0
DA:49,0
DA:50,0
DA:51,0
DA:55,0
DA:59,0
DA:63,12
DA:64,12
DA:65,0
DA:67,12
DA:70,12
DA:72,12
DA:121,1
LF:28
LH:13
BRDA:21,1,0,1
BRDA:21,1,1,2
BRDA:21,2,0,3
BRDA:21,2,1,3
BRDA:71,3,0,0
BRDA:71,3,1,12
BRF:6
BRH:5
end_of_record
